# JRE version: OpenJDK Runtime Environment (11.0.8+10) (build 11.0.8+10-b944.6842174)
# Java VM: OpenJDK 64-Bit Server VM (11.0.8+10-b944.6842174, mixed mode, tiered, compressed oops, g1 gc, windows-amd64)
Heap:
 garbage-first heap   total 187392K, used 136106K [0x0000000080000000, 0x0000000100000000)
  region size 1024K, 40 young (40960K), 7 survivors (7168K)
 Metaspace       used 95975K, capacity 98296K, committed 98560K, reserved 1134592K
  class space    used 12131K, capacity 12954K, committed 13056K, reserved 1048576K
GC Heap History (20 events):
Event: 14.561 GC heap before
{Heap before GC invocations=25 (full 0):
 garbage-first heap   total 155648K, used 96213K [0x0000000080000000, 0x0000000100000000)
  region size 1024K, 7 young (7168K), 3 survivors (3072K)
 Metaspace       used 79580K, capacity 81635K, committed 82176K, reserved 1120256K
  class space    used 10308K, capacity 11021K, committed 11264K, reserved 1048576K
}
Event: 14.576 GC heap after
{Heap after GC invocations=26 (full 0):
 garbage-first heap   total 155648K, used 83138K [0x0000000080000000, 0x0000000100000000)
  region size 1024K, 1 young (1024K), 1 survivors (1024K)
 Metaspace       used 79580K, capacity 81635K, committed 82176K, reserved 1120256K
  class space    used 10308K, capacity 11021K, committed 11264K, reserved 1048576K
}
Event: 15.150 GC heap before
{Heap before GC invocations=26 (full 0):
 garbage-first heap   total 155648K, used 118978K [0x0000000080000000, 0x0000000100000000)
  region size 1024K, 37 young (37888K), 1 survivors (1024K)
 Metaspace       used 80723K, capacity 82779K, committed 83200K, reserved 1122304K
  class space    used 10455K, capacity 11158K, committed 11264K, reserved 1048576K
}
Event: 15.155 GC heap after
{Heap after GC invocations=27 (full 0):
 garbage-first heap   total 155648K, used 84789K [0x0000000080000000, 0x0000000100000000)
  region size 1024K, 3 young (3072K), 3 survivors (3072K)
 Metaspace       used 80723K, capacity 82779K, committed 83200K, reserved 1122304K
  class space    used 10455K, capacity 11158K, committed 11264K, reserved 1048576K
}
Event: 15.545 GC heap before
{Heap before GC invocations=28 (full 0):
 garbage-first heap   total 155648K, used 119605K [0x0000000080000000, 0x0000000100000000)
  region size 1024K, 40 young (40960K), 3 survivors (3072K)
 Metaspace       used 83163K, capacity 85207K, committed 85632K, reserved 1124352K
  class space    used 10784K, capacity 11476K, committed 11648K, reserved 1048576K
}
Event: 15.548 GC heap after
{Heap after GC invocations=29 (full 0):
 garbage-first heap   total 155648K, used 83633K [0x0000000080000000, 0x0000000100000000)
  region size 1024K, 4 young (4096K), 4 survivors (4096K)
 Metaspace       used 83163K, capacity 85207K, committed 85632K, reserved 1124352K
  class space    used 10784K, capacity 11476K, committed 11648K, reserved 1048576K
}
Event: 15.575 GC heap before
{Heap before GC invocations=29 (full 0):
 garbage-first heap   total 155648K, used 86705K [0x0000000080000000, 0x0000000100000000)
  region size 1024K, 7 young (7168K), 4 survivors (4096K)
 Metaspace       used 83365K, capacity 85399K, committed 85888K, reserved 1124352K
  class space    used 10800K, capacity 11476K, committed 11648K, reserved 1048576K
}
Event: 15.579 GC heap after
{Heap after GC invocations=30 (full 0):
 garbage-first heap   total 155648K, used 78688K [0x0000000080000000, 0x0000000100000000)
  region size 1024K, 1 young (1024K), 1 survivors (1024K)
 Metaspace       used 83365K, capacity 85399K, committed 85888K, reserved 1124352K
  class space    used 10800K, capacity 11476K, committed 11648K, reserved 1048576K
}
Event: 18.466 GC heap before
{Heap before GC invocations=30 (full 0):
 garbage-first heap   total 155648K, used 120672K [0x0000000080000000, 0x0000000100000000)
  region size 1024K, 43 young (44032K), 1 survivors (1024K)
 Metaspace       used 84682K, capacity 86796K, committed 87040K, reserved 1124352K
  class space    used 10909K, capacity 11627K, committed 11776K, reserved 1048576K
}
Event: 18.472 GC heap after
{Heap after GC invocations=31 (full 0):
 garbage-first heap   total 155648K, used 84968K [0x0000000080000000, 0x0000000100000000)
  region size 1024K, 6 young (6144K), 6 survivors (6144K)
 Metaspace       used 84682K, capacity 86796K, committed 87040K, reserved 1124352K
  class space    used 10909K, capacity 11627K, committed 11776K, reserved 1048576K
}
Event: 18.721 GC heap before
{Heap before GC invocations=32 (full 0):
 garbage-first heap   total 155648K, used 122856K [0x0000000080000000, 0x0000000100000000)
  region size 1024K, 44 young (45056K), 6 survivors (6144K)
 Metaspace       used 84827K, capacity 86997K, committed 87296K, reserved 1124352K
  class space    used 10917K, capacity 11630K, committed 11776K, reserved 1048576K
}
Event: 18.726 GC heap after
{Heap after GC invocations=33 (full 0):
 garbage-first heap   total 155648K, used 82689K [0x0000000080000000, 0x0000000100000000)
  region size 1024K, 2 young (2048K), 2 survivors (2048K)
 Metaspace       used 84827K, capacity 86997K, committed 87296K, reserved 1124352K
  class space    used 10917K, capacity 11630K, committed 11776K, reserved 1048576K
}
Event: 19.188 GC heap before
{Heap before GC invocations=33 (full 0):
 garbage-first heap   total 155648K, used 122625K [0x0000000080000000, 0x0000000100000000)
  region size 1024K, 42 young (43008K), 2 survivors (2048K)
 Metaspace       used 85939K, capacity 88167K, committed 88448K, reserved 1126400K
  class space    used 11049K, capacity 11828K, committed 11904K, reserved 1048576K
}
Event: 19.213 GC heap after
{Heap after GC invocations=34 (full 0):
 garbage-first heap   total 187392K, used 86156K [0x0000000080000000, 0x0000000100000000)
  region size 1024K, 5 young (5120K), 5 survivors (5120K)
 Metaspace       used 85939K, capacity 88167K, committed 88448K, reserved 1126400K
  class space    used 11049K, capacity 11828K, committed 11904K, reserved 1048576K
}
Event: 21.222 GC heap before
{Heap before GC invocations=35 (full 0):
 garbage-first heap   total 187392K, used 143500K [0x0000000080000000, 0x0000000100000000)
  region size 1024K, 60 young (61440K), 5 survivors (5120K)
 Metaspace       used 92873K, capacity 95118K, committed 95232K, reserved 1132544K
  class space    used 11898K, capacity 12696K, committed 12800K, reserved 1048576K
}
Event: 21.233 GC heap after
{Heap after GC invocations=36 (full 0):
 garbage-first heap   total 187392K, used 94553K [0x0000000080000000, 0x0000000100000000)
  region size 1024K, 8 young (8192K), 8 survivors (8192K)
 Metaspace       used 92873K, capacity 95118K, committed 95232K, reserved 1132544K
  class space    used 11898K, capacity 12696K, committed 12800K, reserved 1048576K
}
Event: 21.239 GC heap before
{Heap before GC invocations=36 (full 0):
 garbage-first heap   total 187392K, used 95577K [0x0000000080000000, 0x0000000100000000)
  region size 1024K, 9 young (9216K), 8 survivors (8192K)
 Metaspace       used 92883K, capacity 95118K, committed 95232K, reserved 1132544K
  class space    used 11898K, capacity 12696K, committed 12800K, reserved 1048576K
}
Event: 21.250 GC heap after
{Heap after GC invocations=37 (full 0):
 garbage-first heap   total 187392K, used 94573K [0x0000000080000000, 0x0000000100000000)
  region size 1024K, 1 young (1024K), 1 survivors (1024K)
 Metaspace       used 92883K, capacity 95118K, committed 95232K, reserved 1132544K
  class space    used 11898K, capacity 12696K, committed 12800K, reserved 1048576K
}
Event: 23.171 GC heap before
{Heap before GC invocations=37 (full 0):
 garbage-first heap   total 187392K, used 145773K [0x0000000080000000, 0x0000000100000000)
  region size 1024K, 51 young (52224K), 1 survivors (1024K)
 Metaspace       used 94457K, capacity 96830K, committed 97152K, reserved 1134592K
  class space    used 12009K, capacity 12834K, committed 12928K, reserved 1048576K
}
Event: 23.182 GC heap after
{Heap after GC invocations=38 (full 0):
 garbage-first heap   total 187392K, used 103338K [0x0000000080000000, 0x0000000100000000)
  region size 1024K, 7 young (7168K), 7 survivors (7168K)
 Metaspace       used 94457K, capacity 96830K, committed 97152K, reserved 1134592K
  class space    used 12009K, capacity 12834K, committed 12928K, reserved 1048576K
}

