# JRE version: OpenJDK Runtime Environment (11.0.8+10) (build 11.0.8+10-b944.6842174)
# Java VM: OpenJDK 64-Bit Server VM (11.0.8+10-b944.6842174, mixed mode, tiered, compressed oops, g1 gc, windows-amd64)
Heap:
 garbage-first heap   total 155648K, used 93174K [0x0000000080000000, 0x0000000100000000)
  region size 1024K, 53 young (54272K), 9 survivors (9216K)
 Metaspace       used 66118K, capacity 67773K, committed 67964K, reserved 1107968K
  class space    used 8607K, capacity 9177K, committed 9216K, reserved 1048576K
GC Heap History (20 events):
Event: 3.357 GC heap before
{Heap before GC invocations=1 (full 0):
 garbage-first heap   total 129024K, used 82873K [0x0000000080000000, 0x0000000100000000)
  region size 1024K, 75 young (76800K), 3 survivors (3072K)
 Metaspace       used 18850K, capacity 19265K, committed 19328K, reserved 1067008K
  class space    used 2270K, capacity 2394K, committed 2432K, reserved 1048576K
}
Event: 3.363 GC heap after
{Heap after GC invocations=2 (full 0):
 garbage-first heap   total 129024K, used 15735K [0x0000000080000000, 0x0000000100000000)
  region size 1024K, 10 young (10240K), 10 survivors (10240K)
 Metaspace       used 18850K, capacity 19265K, committed 19328K, reserved 1067008K
  class space    used 2270K, capacity 2394K, committed 2432K, reserved 1048576K
}
Event: 3.498 GC heap before
{Heap before GC invocations=2 (full 0):
 garbage-first heap   total 129024K, used 29047K [0x0000000080000000, 0x0000000100000000)
  region size 1024K, 24 young (24576K), 10 survivors (10240K)
 Metaspace       used 20565K, capacity 21131K, committed 21296K, reserved 1069056K
  class space    used 2520K, capacity 2680K, committed 2688K, reserved 1048576K
}
Event: 3.504 GC heap after
{Heap after GC invocations=3 (full 0):
 garbage-first heap   total 129024K, used 16868K [0x0000000080000000, 0x0000000100000000)
  region size 1024K, 1 young (1024K), 1 survivors (1024K)
 Metaspace       used 20565K, capacity 21131K, committed 21296K, reserved 1069056K
  class space    used 2520K, capacity 2680K, committed 2688K, reserved 1048576K
}
Event: 4.101 GC heap before
{Heap before GC invocations=4 (full 0):
 garbage-first heap   total 129024K, used 74212K [0x0000000080000000, 0x0000000100000000)
  region size 1024K, 57 young (58368K), 1 survivors (1024K)
 Metaspace       used 26845K, capacity 27464K, committed 27568K, reserved 1073152K
  class space    used 3528K, capacity 3754K, committed 3840K, reserved 1048576K
}
Event: 4.103 GC heap after
{Heap after GC invocations=5 (full 0):
 garbage-first heap   total 129024K, used 18720K [0x0000000080000000, 0x0000000100000000)
  region size 1024K, 3 young (3072K), 3 survivors (3072K)
 Metaspace       used 26845K, capacity 27464K, committed 27568K, reserved 1073152K
  class space    used 3528K, capacity 3754K, committed 3840K, reserved 1048576K
}
Event: 4.859 GC heap before
{Heap before GC invocations=5 (full 0):
 garbage-first heap   total 129024K, used 59680K [0x0000000080000000, 0x0000000100000000)
  region size 1024K, 44 young (45056K), 3 survivors (3072K)
 Metaspace       used 34892K, capacity 35633K, committed 35708K, reserved 1081344K
  class space    used 4536K, capacity 4817K, committed 4864K, reserved 1048576K
}
Event: 4.875 GC heap after
{Heap after GC invocations=6 (full 0):
 garbage-first heap   total 129024K, used 21587K [0x0000000080000000, 0x0000000100000000)
  region size 1024K, 6 young (6144K), 6 survivors (6144K)
 Metaspace       used 34892K, capacity 35633K, committed 35708K, reserved 1081344K
  class space    used 4536K, capacity 4817K, committed 4864K, reserved 1048576K
}
Event: 5.530 GC heap before
{Heap before GC invocations=7 (full 0):
 garbage-first heap   total 129024K, used 87123K [0x0000000080000000, 0x0000000100000000)
  region size 1024K, 66 young (67584K), 6 survivors (6144K)
 Metaspace       used 40940K, capacity 41842K, committed 42108K, reserved 1085440K
  class space    used 5235K, capacity 5536K, committed 5632K, reserved 1048576K
}
Event: 5.542 GC heap after
{Heap after GC invocations=8 (full 0):
 garbage-first heap   total 129024K, used 25085K [0x0000000080000000, 0x0000000100000000)
  region size 1024K, 7 young (7168K), 7 survivors (7168K)
 Metaspace       used 40940K, capacity 41842K, committed 42108K, reserved 1085440K
  class space    used 5235K, capacity 5536K, committed 5632K, reserved 1048576K
}
Event: 6.254 GC heap before
{Heap before GC invocations=8 (full 0):
 garbage-first heap   total 129024K, used 86525K [0x0000000080000000, 0x0000000100000000)
  region size 1024K, 67 young (68608K), 7 survivors (7168K)
 Metaspace       used 44368K, capacity 45407K, committed 45692K, reserved 1089536K
  class space    used 5702K, capacity 6089K, committed 6144K, reserved 1048576K
}
Event: 6.261 GC heap after
{Heap after GC invocations=9 (full 0):
 garbage-first heap   total 129024K, used 28777K [0x0000000080000000, 0x0000000100000000)
  region size 1024K, 7 young (7168K), 7 survivors (7168K)
 Metaspace       used 44368K, capacity 45407K, committed 45692K, reserved 1089536K
  class space    used 5702K, capacity 6089K, committed 6144K, reserved 1048576K
}
Event: 7.271 GC heap before
{Heap before GC invocations=9 (full 0):
 garbage-first heap   total 129024K, used 94313K [0x0000000080000000, 0x0000000100000000)
  region size 1024K, 68 young (69632K), 7 survivors (7168K)
 Metaspace       used 52427K, capacity 53690K, committed 53884K, reserved 1095680K
  class space    used 6682K, capacity 7104K, committed 7168K, reserved 1048576K
}
Event: 7.294 GC heap after
{Heap after GC invocations=10 (full 0):
 garbage-first heap   total 129024K, used 39735K [0x0000000080000000, 0x0000000100000000)
  region size 1024K, 9 young (9216K), 9 survivors (9216K)
 Metaspace       used 52427K, capacity 53690K, committed 53884K, reserved 1095680K
  class space    used 6682K, capacity 7104K, committed 7168K, reserved 1048576K
}
Event: 8.426 GC heap before
{Heap before GC invocations=10 (full 0):
 garbage-first heap   total 129024K, used 95031K [0x0000000080000000, 0x0000000100000000)
  region size 1024K, 63 young (64512K), 9 survivors (9216K)
 Metaspace       used 58065K, capacity 59490K, committed 59772K, reserved 1101824K
  class space    used 7392K, capacity 7894K, committed 7936K, reserved 1048576K
}
Event: 8.436 GC heap after
{Heap after GC invocations=11 (full 0):
 garbage-first heap   total 155648K, used 43838K [0x0000000080000000, 0x0000000100000000)
  region size 1024K, 5 young (5120K), 5 survivors (5120K)
 Metaspace       used 58065K, capacity 59490K, committed 59772K, reserved 1101824K
  class space    used 7392K, capacity 7894K, committed 7936K, reserved 1048576K
}
Event: 8.461 GC heap before
{Heap before GC invocations=11 (full 0):
 garbage-first heap   total 155648K, used 43838K [0x0000000080000000, 0x0000000100000000)
  region size 1024K, 6 young (6144K), 5 survivors (5120K)
 Metaspace       used 58383K, capacity 59805K, committed 59940K, reserved 1101824K
  class space    used 7427K, capacity 7915K, committed 7936K, reserved 1048576K
}
Event: 8.464 GC heap after
{Heap after GC invocations=12 (full 0):
 garbage-first heap   total 155648K, used 43726K [0x0000000080000000, 0x0000000100000000)
  region size 1024K, 4 young (4096K), 4 survivors (4096K)
 Metaspace       used 58383K, capacity 59805K, committed 59940K, reserved 1101824K
  class space    used 7427K, capacity 7915K, committed 7936K, reserved 1048576K
}
Event: 9.823 GC heap before
{Heap before GC invocations=13 (full 0):
 garbage-first heap   total 155648K, used 111310K [0x0000000080000000, 0x0000000100000000)
  region size 1024K, 70 young (71680K), 4 survivors (4096K)
 Metaspace       used 64452K, capacity 66031K, committed 66172K, reserved 1105920K
  class space    used 8334K, capacity 8922K, committed 8960K, reserved 1048576K
}
Event: 9.832 GC heap after
{Heap after GC invocations=14 (full 0):
 garbage-first heap   total 155648K, used 49142K [0x0000000080000000, 0x0000000100000000)
  region size 1024K, 9 young (9216K), 9 survivors (9216K)
 Metaspace       used 64452K, capacity 66031K, committed 66172K, reserved 1105920K
  class space    used 8334K, capacity 8922K, committed 8960K, reserved 1048576K
}

